[2m2019-09-10 14:46:00.920[0;39m [32m INFO[0;39m [35m39492[0;39m         [2m---[0;39m               [2m[           main][0;39m [36mcom.mohdfai.Application                 [0;39m [2m:[0;39m Starting Application on NB3081823348 with PID 39492 (C:\Users\S905488\Documents\personal\MyRetailWebsite\MyRetailStore\target\classes started by s905488 in C:\Users\S905488\Documents\personal\MyRetailWebsite\MyRetailStore)
[2m2019-09-10 14:46:00.923[0;39m [32m INFO[0;39m [35m39492[0;39m         [2m---[0;39m               [2m[           main][0;39m [36mcom.mohdfai.Application                 [0;39m [2m:[0;39m No active profile set, falling back to default profiles: default
[2m2019-09-10 14:46:01.360[0;39m [32m INFO[0;39m [35m39492[0;39m         [2m---[0;39m               [2m[           main][0;39m [36m.s.d.r.c.RepositoryConfigurationDelegate[0;39m [2m:[0;39m Bootstrapping Spring Data repositories in DEFAULT mode.
[2m2019-09-10 14:46:01.387[0;39m [32m INFO[0;39m [35m39492[0;39m         [2m---[0;39m               [2m[           main][0;39m [36m.s.d.r.c.RepositoryConfigurationDelegate[0;39m [2m:[0;39m Finished Spring Data repository scanning in 17ms. Found 0 repository interfaces.
[2m2019-09-10 14:46:01.951[0;39m [32m INFO[0;39m [35m39492[0;39m         [2m---[0;39m               [2m[           main][0;39m [36mcom.zaxxer.hikari.HikariDataSource      [0;39m [2m:[0;39m HikariPool-1 - Starting...
[2m2019-09-10 14:46:02.097[0;39m [32m INFO[0;39m [35m39492[0;39m         [2m---[0;39m               [2m[           main][0;39m [36mcom.zaxxer.hikari.HikariDataSource      [0;39m [2m:[0;39m HikariPool-1 - Start completed.
[2m2019-09-10 14:46:02.179[0;39m [32m INFO[0;39m [35m39492[0;39m         [2m---[0;39m               [2m[           main][0;39m [36mo.hibernate.jpa.internal.util.LogHelper [0;39m [2m:[0;39m HHH000204: Processing PersistenceUnitInfo [
	name: default
	...]
[2m2019-09-10 14:46:02.259[0;39m [32m INFO[0;39m [35m39492[0;39m         [2m---[0;39m               [2m[           main][0;39m [36morg.hibernate.Version                   [0;39m [2m:[0;39m HHH000412: Hibernate Core {5.3.7.Final}
[2m2019-09-10 14:46:02.274[0;39m [32m INFO[0;39m [35m39492[0;39m         [2m---[0;39m               [2m[           main][0;39m [36morg.hibernate.cfg.Environment           [0;39m [2m:[0;39m HHH000206: hibernate.properties not found
[2m2019-09-10 14:46:02.456[0;39m [32m INFO[0;39m [35m39492[0;39m         [2m---[0;39m               [2m[           main][0;39m [36mo.hibernate.annotations.common.Version  [0;39m [2m:[0;39m HCANN000001: Hibernate Commons Annotations {5.0.4.Final}
[2m2019-09-10 14:46:02.668[0;39m [32m INFO[0;39m [35m39492[0;39m         [2m---[0;39m               [2m[           main][0;39m [36morg.hibernate.dialect.Dialect           [0;39m [2m:[0;39m HHH000400: Using dialect: org.hibernate.dialect.H2Dialect
[2m2019-09-10 14:46:03.262[0;39m [32m INFO[0;39m [35m39492[0;39m         [2m---[0;39m               [2m[           main][0;39m [36mo.h.t.schema.internal.SchemaCreatorImpl [0;39m [2m:[0;39m HHH000476: Executing import script 'org.hibernate.tool.schema.internal.exec.ScriptSourceInputNonExistentImpl@2da99821'
[2m2019-09-10 14:46:03.274[0;39m [32m INFO[0;39m [35m39492[0;39m         [2m---[0;39m               [2m[           main][0;39m [36mj.LocalContainerEntityManagerFactoryBean[0;39m [2m:[0;39m Initialized JPA EntityManagerFactory for persistence unit 'default'
[2m2019-09-10 14:46:03.512[0;39m [32m INFO[0;39m [35m39492[0;39m         [2m---[0;39m               [2m[           main][0;39m [36mcom.mohdfai.Application                 [0;39m [2m:[0;39m Started Application in 3.019 seconds (JVM running for 3.805)
[2m2019-09-10 14:46:03.518[0;39m [32m INFO[0;39m [35m39492[0;39m         [2m---[0;39m               [2m[       Thread-2][0;39m [36mj.LocalContainerEntityManagerFactoryBean[0;39m [2m:[0;39m Closing JPA EntityManagerFactory for persistence unit 'default'
[2m2019-09-10 14:46:03.519[0;39m [32m INFO[0;39m [35m39492[0;39m         [2m---[0;39m               [2m[       Thread-2][0;39m [36m.SchemaDropperImpl$DelayedDropActionImpl[0;39m [2m:[0;39m HHH000477: Starting delayed evictData of schema as part of SessionFactory shut-down'
[2m2019-09-10 14:46:03.541[0;39m [32m INFO[0;39m [35m39492[0;39m         [2m---[0;39m               [2m[       Thread-2][0;39m [36mcom.zaxxer.hikari.HikariDataSource      [0;39m [2m:[0;39m HikariPool-1 - Shutdown initiated...
[2m2019-09-10 14:46:03.544[0;39m [32m INFO[0;39m [35m39492[0;39m         [2m---[0;39m               [2m[       Thread-2][0;39m [36mcom.zaxxer.hikari.HikariDataSource      [0;39m [2m:[0;39m HikariPool-1 - Shutdown completed.
[2m2019-09-10 14:46:33.693[0;39m [32m INFO[0;39m [35m28840[0;39m         [2m---[0;39m               [2m[           main][0;39m [36mcom.mohdfai.Application                 [0;39m [2m:[0;39m Starting Application on NB3081823348 with PID 28840 (C:\Users\S905488\Documents\personal\MyRetailWebsite\MyRetailStore\target\classes started by s905488 in C:\Users\S905488\Documents\personal\MyRetailWebsite\MyRetailStore)
[2m2019-09-10 14:46:33.696[0;39m [32m INFO[0;39m [35m28840[0;39m         [2m---[0;39m               [2m[           main][0;39m [36mcom.mohdfai.Application                 [0;39m [2m:[0;39m No active profile set, falling back to default profiles: default
[2m2019-09-10 14:46:34.128[0;39m [32m INFO[0;39m [35m28840[0;39m         [2m---[0;39m               [2m[           main][0;39m [36m.s.d.r.c.RepositoryConfigurationDelegate[0;39m [2m:[0;39m Bootstrapping Spring Data repositories in DEFAULT mode.
[2m2019-09-10 14:46:34.152[0;39m [32m INFO[0;39m [35m28840[0;39m         [2m---[0;39m               [2m[           main][0;39m [36m.s.d.r.c.RepositoryConfigurationDelegate[0;39m [2m:[0;39m Finished Spring Data repository scanning in 16ms. Found 0 repository interfaces.
[2m2019-09-10 14:46:34.704[0;39m [32m INFO[0;39m [35m28840[0;39m         [2m---[0;39m               [2m[           main][0;39m [36mcom.zaxxer.hikari.HikariDataSource      [0;39m [2m:[0;39m HikariPool-1 - Starting...
[2m2019-09-10 14:46:34.846[0;39m [32m INFO[0;39m [35m28840[0;39m         [2m---[0;39m               [2m[           main][0;39m [36mcom.zaxxer.hikari.HikariDataSource      [0;39m [2m:[0;39m HikariPool-1 - Start completed.
[2m2019-09-10 14:46:34.924[0;39m [32m INFO[0;39m [35m28840[0;39m         [2m---[0;39m               [2m[           main][0;39m [36mo.hibernate.jpa.internal.util.LogHelper [0;39m [2m:[0;39m HHH000204: Processing PersistenceUnitInfo [
	name: default
	...]
[2m2019-09-10 14:46:34.991[0;39m [32m INFO[0;39m [35m28840[0;39m         [2m---[0;39m               [2m[           main][0;39m [36morg.hibernate.Version                   [0;39m [2m:[0;39m HHH000412: Hibernate Core {5.3.7.Final}
[2m2019-09-10 14:46:35.004[0;39m [32m INFO[0;39m [35m28840[0;39m         [2m---[0;39m               [2m[           main][0;39m [36morg.hibernate.cfg.Environment           [0;39m [2m:[0;39m HHH000206: hibernate.properties not found
[2m2019-09-10 14:46:35.181[0;39m [32m INFO[0;39m [35m28840[0;39m         [2m---[0;39m               [2m[           main][0;39m [36mo.hibernate.annotations.common.Version  [0;39m [2m:[0;39m HCANN000001: Hibernate Commons Annotations {5.0.4.Final}
[2m2019-09-10 14:46:35.349[0;39m [32m INFO[0;39m [35m28840[0;39m         [2m---[0;39m               [2m[           main][0;39m [36morg.hibernate.dialect.Dialect           [0;39m [2m:[0;39m HHH000400: Using dialect: org.hibernate.dialect.H2Dialect
[2m2019-09-10 14:46:35.953[0;39m [32m INFO[0;39m [35m28840[0;39m         [2m---[0;39m               [2m[           main][0;39m [36mo.h.t.schema.internal.SchemaCreatorImpl [0;39m [2m:[0;39m HHH000476: Executing import script 'org.hibernate.tool.schema.internal.exec.ScriptSourceInputNonExistentImpl@74024f3'
[2m2019-09-10 14:46:35.965[0;39m [32m INFO[0;39m [35m28840[0;39m         [2m---[0;39m               [2m[           main][0;39m [36mj.LocalContainerEntityManagerFactoryBean[0;39m [2m:[0;39m Initialized JPA EntityManagerFactory for persistence unit 'default'
[2m2019-09-10 14:46:36.183[0;39m [32m INFO[0;39m [35m28840[0;39m         [2m---[0;39m               [2m[           main][0;39m [36mcom.mohdfai.Application                 [0;39m [2m:[0;39m Started Application in 2.904 seconds (JVM running for 3.687)
[2m2019-09-10 14:46:36.189[0;39m [32m INFO[0;39m [35m28840[0;39m         [2m---[0;39m               [2m[       Thread-2][0;39m [36mj.LocalContainerEntityManagerFactoryBean[0;39m [2m:[0;39m Closing JPA EntityManagerFactory for persistence unit 'default'
[2m2019-09-10 14:46:36.190[0;39m [32m INFO[0;39m [35m28840[0;39m         [2m---[0;39m               [2m[       Thread-2][0;39m [36m.SchemaDropperImpl$DelayedDropActionImpl[0;39m [2m:[0;39m HHH000477: Starting delayed evictData of schema as part of SessionFactory shut-down'
[2m2019-09-10 14:46:36.214[0;39m [32m INFO[0;39m [35m28840[0;39m         [2m---[0;39m               [2m[       Thread-2][0;39m [36mcom.zaxxer.hikari.HikariDataSource      [0;39m [2m:[0;39m HikariPool-1 - Shutdown initiated...
[2m2019-09-10 14:46:36.216[0;39m [32m INFO[0;39m [35m28840[0;39m         [2m---[0;39m               [2m[       Thread-2][0;39m [36mcom.zaxxer.hikari.HikariDataSource      [0;39m [2m:[0;39m HikariPool-1 - Shutdown completed.
[2m2019-09-10 15:08:01.690[0;39m [32m INFO[0;39m [35m23092[0;39m         [2m---[0;39m               [2m[           main][0;39m [36mcom.mohdfai.Application                 [0;39m [2m:[0;39m Starting Application on NB3081823348 with PID 23092 (C:\Users\S905488\Documents\personal\MyRetailWebsite\MyRetailStore\target\classes started by s905488 in C:\Users\S905488\Documents\personal\MyRetailWebsite\MyRetailStore)
[2m2019-09-10 15:08:01.693[0;39m [32m INFO[0;39m [35m23092[0;39m         [2m---[0;39m               [2m[           main][0;39m [36mcom.mohdfai.Application                 [0;39m [2m:[0;39m No active profile set, falling back to default profiles: default
[2m2019-09-10 15:08:02.207[0;39m [32m INFO[0;39m [35m23092[0;39m         [2m---[0;39m               [2m[           main][0;39m [36m.s.d.r.c.RepositoryConfigurationDelegate[0;39m [2m:[0;39m Bootstrapping Spring Data repositories in DEFAULT mode.
[2m2019-09-10 15:08:02.235[0;39m [32m INFO[0;39m [35m23092[0;39m         [2m---[0;39m               [2m[           main][0;39m [36m.s.d.r.c.RepositoryConfigurationDelegate[0;39m [2m:[0;39m Finished Spring Data repository scanning in 19ms. Found 0 repository interfaces.
[2m2019-09-10 15:08:02.830[0;39m [32m INFO[0;39m [35m23092[0;39m         [2m---[0;39m               [2m[           main][0;39m [36mcom.zaxxer.hikari.HikariDataSource      [0;39m [2m:[0;39m HikariPool-1 - Starting...
[2m2019-09-10 15:08:03.015[0;39m [32m INFO[0;39m [35m23092[0;39m         [2m---[0;39m               [2m[           main][0;39m [36mcom.zaxxer.hikari.HikariDataSource      [0;39m [2m:[0;39m HikariPool-1 - Start completed.
[2m2019-09-10 15:08:03.113[0;39m [32m INFO[0;39m [35m23092[0;39m         [2m---[0;39m               [2m[           main][0;39m [36mo.hibernate.jpa.internal.util.LogHelper [0;39m [2m:[0;39m HHH000204: Processing PersistenceUnitInfo [
	name: default
	...]
[2m2019-09-10 15:08:03.209[0;39m [32m INFO[0;39m [35m23092[0;39m         [2m---[0;39m               [2m[           main][0;39m [36morg.hibernate.Version                   [0;39m [2m:[0;39m HHH000412: Hibernate Core {5.3.7.Final}
[2m2019-09-10 15:08:03.234[0;39m [32m INFO[0;39m [35m23092[0;39m         [2m---[0;39m               [2m[           main][0;39m [36morg.hibernate.cfg.Environment           [0;39m [2m:[0;39m HHH000206: hibernate.properties not found
[2m2019-09-10 15:08:03.466[0;39m [32m INFO[0;39m [35m23092[0;39m         [2m---[0;39m               [2m[           main][0;39m [36mo.hibernate.annotations.common.Version  [0;39m [2m:[0;39m HCANN000001: Hibernate Commons Annotations {5.0.4.Final}
[2m2019-09-10 15:08:03.701[0;39m [32m INFO[0;39m [35m23092[0;39m         [2m---[0;39m               [2m[           main][0;39m [36morg.hibernate.dialect.Dialect           [0;39m [2m:[0;39m HHH000400: Using dialect: org.hibernate.dialect.H2Dialect
[2m2019-09-10 15:08:04.320[0;39m [32m INFO[0;39m [35m23092[0;39m         [2m---[0;39m               [2m[           main][0;39m [36mo.h.t.schema.internal.SchemaCreatorImpl [0;39m [2m:[0;39m HHH000476: Executing import script 'org.hibernate.tool.schema.internal.exec.ScriptSourceInputNonExistentImpl@5426cb36'
[2m2019-09-10 15:08:04.341[0;39m [32m INFO[0;39m [35m23092[0;39m         [2m---[0;39m               [2m[           main][0;39m [36mj.LocalContainerEntityManagerFactoryBean[0;39m [2m:[0;39m Initialized JPA EntityManagerFactory for persistence unit 'default'
[2m2019-09-10 15:08:04.624[0;39m [32m INFO[0;39m [35m23092[0;39m         [2m---[0;39m               [2m[           main][0;39m [36mcom.mohdfai.Application                 [0;39m [2m:[0;39m Started Application in 3.376 seconds (JVM running for 4.194)
[2m2019-09-10 15:08:04.630[0;39m [32m INFO[0;39m [35m23092[0;39m         [2m---[0;39m               [2m[       Thread-2][0;39m [36mj.LocalContainerEntityManagerFactoryBean[0;39m [2m:[0;39m Closing JPA EntityManagerFactory for persistence unit 'default'
[2m2019-09-10 15:08:04.631[0;39m [32m INFO[0;39m [35m23092[0;39m         [2m---[0;39m               [2m[       Thread-2][0;39m [36m.SchemaDropperImpl$DelayedDropActionImpl[0;39m [2m:[0;39m HHH000477: Starting delayed evictData of schema as part of SessionFactory shut-down'
[2m2019-09-10 15:08:04.665[0;39m [32m INFO[0;39m [35m23092[0;39m         [2m---[0;39m               [2m[       Thread-2][0;39m [36mcom.zaxxer.hikari.HikariDataSource      [0;39m [2m:[0;39m HikariPool-1 - Shutdown initiated...
[2m2019-09-10 15:08:04.667[0;39m [32m INFO[0;39m [35m23092[0;39m         [2m---[0;39m               [2m[       Thread-2][0;39m [36mcom.zaxxer.hikari.HikariDataSource      [0;39m [2m:[0;39m HikariPool-1 - Shutdown completed.
